npm WARN optional SKIPPING OPTIONAL DEPENDENCY: @esbuild/android-arm64@0.17.8 (node_modules/@esbuild/android-arm64):
npm WARN notsup SKIPPING OPTIONAL DEPENDENCY: Unsupported platform for @esbuild/android-arm64@0.17.8: wanted {"os":"android","arch":"arm64"} (current: {"os":"linux","arch":"x64"})
npm WARN optional SKIPPING OPTIONAL DEPENDENCY: @esbuild/freebsd-arm64@0.17.8 (node_modules/@esbuild/freebsd-arm64):
npm WARN notsup SKIPPING OPTIONAL DEPENDENCY: Unsupported platform for @esbuild/freebsd-arm64@0.17.8: wanted {"os":"freebsd","arch":"arm64"} (current: {"os":"linux","arch":"x64"})
npm WARN optional SKIPPING OPTIONAL DEPENDENCY: @esbuild/freebsd-x64@0.17.8 (node_modules/@esbuild/freebsd-x64):
npm WARN notsup SKIPPING OPTIONAL DEPENDENCY: Unsupported platform for @esbuild/freebsd-x64@0.17.8: wanted {"os":"freebsd","arch":"x64"} (current: {"os":"linux","arch":"x64"})
npm WARN optional SKIPPING OPTIONAL DEPENDENCY: @esbuild/linux-arm@0.17.8 (node_modules/@esbuild/linux-arm):
npm WARN notsup SKIPPING OPTIONAL DEPENDENCY: Unsupported platform for @esbuild/linux-arm@0.17.8: wanted {"os":"linux","arch":"arm"} (current: {"os":"linux","arch":"x64"})
npm WARN optional SKIPPING OPTIONAL DEPENDENCY: @esbuild/darwin-arm64@0.17.8 (node_modules/@esbuild/darwin-arm64):
npm WARN notsup SKIPPING OPTIONAL DEPENDENCY: Unsupported platform for @esbuild/darwin-arm64@0.17.8: wanted {"os":"darwin","arch":"arm64"} (current: {"os":"linux","arch":"x64"})
npm WARN optional SKIPPING OPTIONAL DEPENDENCY: @esbuild/linux-arm64@0.17.8 (node_modules/@esbuild/linux-arm64):
npm WARN notsup SKIPPING OPTIONAL DEPENDENCY: Unsupported platform for @esbuild/linux-arm64@0.17.8: wanted {"os":"linux","arch":"arm64"} (current: {"os":"linux","arch":"x64"})
npm WARN optional SKIPPING OPTIONAL DEPENDENCY: @esbuild/darwin-x64@0.17.8 (node_modules/@esbuild/darwin-x64):
npm WARN notsup SKIPPING OPTIONAL DEPENDENCY: Unsupported platform for @esbuild/darwin-x64@0.17.8: wanted {"os":"darwin","arch":"x64"} (current: {"os":"linux","arch":"x64"})
npm WARN optional SKIPPING OPTIONAL DEPENDENCY: @esbuild/linux-loong64@0.17.8 (node_modules/@esbuild/linux-loong64):
npm WARN notsup SKIPPING OPTIONAL DEPENDENCY: Unsupported platform for @esbuild/linux-loong64@0.17.8: wanted {"os":"linux","arch":"loong64"} (current: {"os":"linux","arch":"x64"})
npm WARN optional SKIPPING OPTIONAL DEPENDENCY: @esbuild/linux-ia32@0.17.8 (node_modules/@esbuild/linux-ia32):
npm WARN notsup SKIPPING OPTIONAL DEPENDENCY: Unsupported platform for @esbuild/linux-ia32@0.17.8: wanted {"os":"linux","arch":"ia32"} (current: {"os":"linux","arch":"x64"})
npm WARN optional SKIPPING OPTIONAL DEPENDENCY: @esbuild/linux-mips64el@0.17.8 (node_modules/@esbuild/linux-mips64el):
npm WARN notsup SKIPPING OPTIONAL DEPENDENCY: Unsupported platform for @esbuild/linux-mips64el@0.17.8: wanted {"os":"linux","arch":"mips64el"} (current: {"os":"linux","arch":"x64"})
npm WARN optional SKIPPING OPTIONAL DEPENDENCY: @esbuild/linux-ppc64@0.17.8 (node_modules/@esbuild/linux-ppc64):
npm WARN notsup SKIPPING OPTIONAL DEPENDENCY: Unsupported platform for @esbuild/linux-ppc64@0.17.8: wanted {"os":"linux","arch":"ppc64"} (current: {"os":"linux","arch":"x64"})
npm WARN optional SKIPPING OPTIONAL DEPENDENCY: @esbuild/linux-riscv64@0.17.8 (node_modules/@esbuild/linux-riscv64):
npm WARN notsup SKIPPING OPTIONAL DEPENDENCY: Unsupported platform for @esbuild/linux-riscv64@0.17.8: wanted {"os":"linux","arch":"riscv64"} (current: {"os":"linux","arch":"x64"})
npm WARN optional SKIPPING OPTIONAL DEPENDENCY: @esbuild/linux-s390x@0.17.8 (node_modules/@esbuild/linux-s390x):
npm WARN notsup SKIPPING OPTIONAL DEPENDENCY: Unsupported platform for @esbuild/linux-s390x@0.17.8: wanted {"os":"linux","arch":"s390x"} (current: {"os":"linux","arch":"x64"})
npm WARN optional SKIPPING OPTIONAL DEPENDENCY: @esbuild/netbsd-x64@0.17.8 (node_modules/@esbuild/netbsd-x64):
npm WARN notsup SKIPPING OPTIONAL DEPENDENCY: Unsupported platform for @esbuild/netbsd-x64@0.17.8: wanted {"os":"netbsd","arch":"x64"} (current: {"os":"linux","arch":"x64"})
npm WARN optional SKIPPING OPTIONAL DEPENDENCY: @esbuild/openbsd-x64@0.17.8 (node_modules/@esbuild/openbsd-x64):
npm WARN notsup SKIPPING OPTIONAL DEPENDENCY: Unsupported platform for @esbuild/openbsd-x64@0.17.8: wanted {"os":"openbsd","arch":"x64"} (current: {"os":"linux","arch":"x64"})
npm WARN optional SKIPPING OPTIONAL DEPENDENCY: @esbuild/sunos-x64@0.17.8 (node_modules/@esbuild/sunos-x64):
npm WARN notsup SKIPPING OPTIONAL DEPENDENCY: Unsupported platform for @esbuild/sunos-x64@0.17.8: wanted {"os":"sunos","arch":"x64"} (current: {"os":"linux","arch":"x64"})
npm WARN optional SKIPPING OPTIONAL DEPENDENCY: @esbuild/win32-arm64@0.17.8 (node_modules/@esbuild/win32-arm64):
npm WARN notsup SKIPPING OPTIONAL DEPENDENCY: Unsupported platform for @esbuild/win32-arm64@0.17.8: wanted {"os":"win32","arch":"arm64"} (current: {"os":"linux","arch":"x64"})
npm WARN optional SKIPPING OPTIONAL DEPENDENCY: @esbuild/win32-ia32@0.17.8 (node_modules/@esbuild/win32-ia32):
npm WARN notsup SKIPPING OPTIONAL DEPENDENCY: Unsupported platform for @esbuild/win32-ia32@0.17.8: wanted {"os":"win32","arch":"ia32"} (current: {"os":"linux","arch":"x64"})
npm WARN optional SKIPPING OPTIONAL DEPENDENCY: @esbuild/win32-x64@0.17.8 (node_modules/@esbuild/win32-x64):
npm WARN notsup SKIPPING OPTIONAL DEPENDENCY: Unsupported platform for @esbuild/win32-x64@0.17.8: wanted {"os":"win32","arch":"x64"} (current: {"os":"linux","arch":"x64"})
npm WARN optional SKIPPING OPTIONAL DEPENDENCY: @esbuild/android-x64@0.17.8 (node_modules/@esbuild/android-x64):
npm WARN notsup SKIPPING OPTIONAL DEPENDENCY: Unsupported platform for @esbuild/android-x64@0.17.8: wanted {"os":"android","arch":"x64"} (current: {"os":"linux","arch":"x64"})
npm WARN optional SKIPPING OPTIONAL DEPENDENCY: fsevents@2.3.3 (node_modules/fsevents):
npm WARN notsup SKIPPING OPTIONAL DEPENDENCY: Unsupported platform for fsevents@2.3.3: wanted {"os":"darwin","arch":"any"} (current: {"os":"linux","arch":"x64"})
npm WARN optional SKIPPING OPTIONAL DEPENDENCY: @esbuild/android-arm@0.17.8 (node_modules/@esbuild/android-arm):
npm WARN notsup SKIPPING OPTIONAL DEPENDENCY: Unsupported platform for @esbuild/android-arm@0.17.8: wanted {"os":"android","arch":"arm"} (current: {"os":"linux","arch":"x64"})

audited 997 packages in 4.806s

110 packages are looking for funding
  run `npm fund` for details

found 0 vulnerabilities


> form-generator@0.0.0 build /home/ubuntu/hackathon-2023-ng-spring/microfrontends/form-generator
> ng build

- Generating browser application bundles (phase: setup)...
✔ Browser application bundle generation complete.
✔ Browser application bundle generation complete.
- Copying assets...
✔ Copying assets complete.
- Generating index html...
✔ Index html generation complete.

Initial Chunk Files           | Names         |  Raw Size | Estimated Transfer Size
main.a2468c721d6eac56.js      | main          | 112.06 kB |                32.61 kB
polyfills.c64e80d4133bf2da.js | polyfills     |  33.10 kB |                10.67 kB
runtime.863f4c4299dab438.js   | runtime       | 906 bytes |               516 bytes
styles.ef46db3751d8e999.css   | styles        |   0 bytes |                       -

| Initial Total | 146.04 kB |                43.79 kB

Build at: 2023-12-11T11:23:34.031Z - Hash: 61655b55e7ac4305 - Time: 3315ms
